



   ---------------------------------------------------------------------------
     START OF THE SEQUENTIAL LEAST SQUARES PROGRAMMING ALGORIT  
   ---------------------------------------------------------------------------

     PARAMETERS:
        ACC =   0.1000D-05
        MAXITER = 50
        IPRINT =   1
IOUT =   6




     ITER =    1     OBJ =  0.30513160E+02
     -0.2375E+00
     -0.1513E-01
      0.1513E-01


     ITER =    2     OBJ =  0.30513056E+02
     -0.2371E+00
     -0.1484E-01
      0.1484E-01


     ITER =    3     OBJ =  0.30512606E+02
     -0.2334E+00
     -0.1478E-01
      0.1478E-01


     ITER =    4     OBJ =  0.30512398E+02
     -0.2343E+00
     -0.1488E-01
      0.1487E-01


     ITER =    5     OBJ =  0.30512306E+02
     -0.2356E+00
     -0.1482E-01
      0.1482E-01


     ITER =    6     OBJ =  0.30512235E+02
     -0.2349E+00
     -0.1484E-01
      0.1484E-01
        NUMBER OF FUNC-CALLS:  NFUNC =  30
        NUMBER OF GRAD-CALLS:  NGRAD =   7
